2024-10-25 05:25:36 info: Server is listening on port: 3000
2024-10-25 05:27:51 info: Server is listening on port: 3000
2024-10-25 05:28:56 info: Server is listening on port: 3000
2024-10-25 05:30:56 info: Server is listening on port: 3000
2024-10-25 05:31:49 info: Server is listening on port: 3000
2024-10-25 05:31:54 info: Server is listening on port: 3000
2024-10-25 05:32:10 info: Server is listening on port: 3000
2024-10-25 05:32:31 info: Server is listening on port: 3000
2024-10-25 05:32:48 info: Server is listening on port: 3000
2024-10-25 05:33:01 info: Server is listening on port: 3000
2024-10-25 05:33:46 info: Server is listening on port: 3000
2024-10-25 05:34:08 info: Server is listening on port: 3000
2024-10-25 05:34:21 info: Server is listening on port: 3000
2024-10-25 05:41:44 info: Server is listening on port: 3000
2024-10-25 05:49:45 info: Server is listening on port: 3000
2024-10-25 05:54:49 info: Server is listening on port: 3000
2024-10-25 05:56:16 info: Server is listening on port: 3000
2024-10-25 05:56:20 info: Server is listening on port: 3000
2024-10-25 09:25:42 info: Server is listening on port: 3000
2024-10-25 09:25:45 info: Server is listening on port: 3000
2024-10-25 09:25:49 info: Server is listening on port: 3000
2024-10-25 09:26:18 info: Server is listening on port: 3000
2024-10-25 09:26:20 info: Server is listening on port: 3000
2024-10-25 09:28:00 info: Server is listening on port: 3000
2024-10-25 09:31:30 info: Server is listening on port: 3000
2024-10-25 09:32:17 info: Server is listening on port: 3000
2024-10-25 09:32:20 info: Server is listening on port: 3000
2024-10-25 09:32:31 info: Server is listening on port: 3000
2024-10-25 09:32:35 info: Server is listening on port: 3000
2024-10-25 09:39:36 info: Server is listening on port: 3000
2024-10-25 09:40:42 info: Server is listening on port: 3000
2024-10-25 09:41:21 info: Server is listening on port: 3000
2024-10-25 09:45:22 info: Server is listening on port: 3000
2024-10-25 09:45:31 info: Server is listening on port: 3000
2024-10-25 09:46:13 info: userPhone
2024-10-25 09:46:13 info: message
2024-10-25 09:46:13 info: phoneNumberId
2024-10-25 09:46:14 info: user
2024-10-25 09:46:54 info: Server is listening on port: 3000
2024-10-25 09:46:58 info: userPhone
2024-10-25 09:46:58 info: message
2024-10-25 09:46:58 info: phoneNumberId
2024-10-25 09:46:58 info: user
2024-10-25 09:48:05 info: userPhone
2024-10-25 09:48:05 info: message
2024-10-25 09:48:05 info: phoneNumberId
2024-10-25 09:48:05 info: user
2024-10-25 09:48:36 info: Server is listening on port: 3000
2024-10-25 09:48:53 info: userPhone
2024-10-25 09:48:53 info: message
2024-10-25 09:48:53 info: phoneNumberId
2024-10-25 09:48:53 info: user
2024-10-25 09:49:16 info: Server is listening on port: 3000
2024-10-25 09:49:28 info: userPhone
2024-10-25 09:49:28 info: message
2024-10-25 09:49:28 info: phoneNumberId
2024-10-25 09:49:28 info: user
2024-10-25 09:50:17 info: Server is listening on port: 3000
2024-10-25 09:50:22 info: userPhone
2024-10-25 09:50:22 info: message
2024-10-25 09:50:22 info: phoneNumberId
2024-10-25 09:50:23 info: user
2024-10-25 09:51:08 info: Server is listening on port: 3000
2024-10-25 09:51:18 info: userPhone
2024-10-25 09:51:18 info: message
2024-10-25 09:51:18 info: phoneNumberId
2024-10-25 09:51:19 info: user
2024-10-25 09:51:45 info: Server is listening on port: 3000
2024-10-25 09:51:52 info: userPhone
2024-10-25 09:51:52 info: message
2024-10-25 09:51:52 info: phoneNumberId
2024-10-25 09:51:52 info: user
2024-10-25 09:52:15 info: Server is listening on port: 3000
2024-10-25 09:52:39 info: userPhone
2024-10-25 09:52:39 info: message
2024-10-25 09:52:39 info: phoneNumberId
2024-10-25 09:52:39 info: user
2024-10-25 09:53:04 info: Server is listening on port: 3000
2024-10-25 09:53:09 info: userPhone
2024-10-25 09:53:09 info: message
2024-10-25 09:53:09 info: phoneNumberId
2024-10-25 09:53:10 info: user
2024-10-25 09:53:22 info: Server is listening on port: 3000
2024-10-25 09:53:28 info: userPhone
2024-10-25 09:53:28 info: message
2024-10-25 09:53:28 info: phoneNumberId
2024-10-25 09:53:29 info: user
2024-10-25 09:54:49 info: Server is listening on port: 3000
2024-10-25 09:54:54 info: userPhone
2024-10-25 09:54:54 info: message
2024-10-25 09:54:54 info: phoneNumberId
2024-10-25 09:54:55 info: user
2024-10-25 09:55:21 info: Server is listening on port: 3000
2024-10-25 09:55:24 info: userPhone
2024-10-25 09:55:24 info: message
2024-10-25 09:55:24 info: phoneNumberId
2024-10-25 09:55:25 info: user
2024-10-25 09:56:50 info: Server is listening on port: 3000
2024-10-25 09:56:55 info: Server is listening on port: 3000
2024-10-25 09:57:15 info: Server is listening on port: 3000
2024-10-25 10:16:38 info: Server is listening on port: 3000
2024-10-25 10:20:12 info: Server is listening on port: 3000
2024-10-25 10:22:00 info: userPhone
2024-10-25 10:22:00 info: message
2024-10-25 10:22:00 info: phoneNumberId
2024-10-25 10:22:00 info: user
2024-10-25 10:22:22 info: Server is listening on port: 3000
2024-10-25 10:34:43 info: Server is listening on port: 3000
2024-10-25 10:38:28 info: Server is listening on port: 3000
2024-10-25 12:38:57 info: Server is listening on port: 3000
